Quicksort:
13 5 845 12 15 41 25 78 128 954 
5 12 13 15 25 41 78 128 845 954 
Operation took 0.000017 seconds.

1 5 8 12 15 18 25 78 128 172 
0 1 5 8 12 15 18 25 78 128 
Operation took 0.000009 seconds.

613 472 231 169 96 57 43 23 21 1 
1 21 23 43 57 96 169 231 472 613 
Operation took 0.000013 seconds.


======

Heapsort:
13 5 845 12 15 41 25 78 128 954 
5 12 13 15 25 41 78 128 845 954 
Operation took 0.000012 seconds.

1 5 8 12 15 18 25 78 128 172 
1 5 8 12 15 18 25 78 128 172 
Operation took 0.000022 seconds.

613 472 231 169 96 57 43 23 21 1 
1 21 23 43 57 96 169 231 472 613 
Operation took 0.000008 seconds.


======

Bubblesort:
13 5 845 12 15 41 25 78 128 954 
5 12 13 15 25 41 78 128 845 954 
Operation took 0.000005 seconds.

1 5 8 12 15 18 25 78 128 172 
1 5 8 12 15 18 25 78 128 172 
Operation took 0.000005 seconds.

613 472 231 169 96 57 43 23 21 1 
1 21 23 43 57 96 169 231 472 613 
Operation took 0.000005 seconds.


======
